[2026-04-06 08:47:07] === 시작 (Python 3.14.3 (tags/v3.14.3:323c59a, Feb  3 2026, 16:04:56) [MSC v.1944 64 bit (AMD64)]) ===
[2026-04-06 08:47:07] 작업 디렉토리: d:\OneDrive\code\luciferhong
[2026-04-06 08:47:07] 구글 시트 fetch 시작
[2026-04-06 08:47:08] fetch 완료 - 행 수: 47
[2026-04-06 08:47:08] 일정 파싱 완료: {'독서': '완독, 독서후기'}
[2026-04-06 08:47:08] 텔레그램 전송 시작
[2026-04-06 08:47:10] 텔레그램 전송 완료
[2026-04-06 08:47:10] === 종료 ===
[2026-04-06 12:11:57] === 시작 (Python 3.14.3 (tags/v3.14.3:323c59a, Feb  3 2026, 16:04:56) [MSC v.1944 64 bit (AMD64)]) ===
[2026-04-06 12:11:57] 작업 디렉토리: d:\OneDrive\code\luciferhong
[2026-04-06 12:11:57] 구글 시트 fetch 시작
[2026-04-06 12:11:58] fetch 완료 - 행 수: 76
[2026-04-06 12:11:58] 일정 파싱 완료: {'독서': '돈의방정식 완독'}
[2026-04-06 12:11:58] 텔레그램 전송 시작
[2026-04-06 12:11:59] 텔레그램 전송 완료
[2026-04-06 12:11:59] === 종료 ===
[2026-04-06 12:22:29] === 시작 (Python 3.14.3 (tags/v3.14.3:323c59a, Feb  3 2026, 16:04:56) [MSC v.1944 64 bit (AMD64)]) ===
[2026-04-06 12:22:29] 작업 디렉토리: d:\OneDrive\code\luciferhong
[2026-04-06 12:22:29] 구글 시트 fetch 시작
[2026-04-06 12:22:30] fetch 완료 - 행 수: 81
[2026-04-06 12:22:30] 일정 파싱 완료: {'독서': '돈의방정식 완독', '개인': '테스트'}
[2026-04-06 12:22:30] 텔레그램 전송 시작
[2026-04-06 12:22:32] 텔레그램 전송 완료
[2026-04-06 12:22:32] === 종료 ===
[2026-04-06 12:46:50] === 시작 (Python 3.14.3 (tags/v3.14.3:323c59a, Feb  3 2026, 16:04:56) [MSC v.1944 64 bit (AMD64)]) ===
[2026-04-06 12:46:50] 작업 디렉토리: d:\OneDrive\code\luciferhong
[2026-04-06 12:46:50] 구글 시트 fetch 시작
[2026-04-06 12:46:51] fetch 완료 - 행 수: 81
[2026-04-06 12:46:51] 일정 파싱 완료: {'강의': '강의', '과제': '과제', '독서': '돈의방정식 완독', '시세': '시세', '임보': '임보', '임장': '임장', '투자': '개인', '루틴': '13'}
[2026-04-06 12:46:51] 텔레그램 전송 시작
[2026-04-06 12:46:52] 텔레그램 전송 완료
[2026-04-06 12:46:52] === 종료 ===
[2026-04-06 12:50:26] === 시작 (Python 3.14.3 (tags/v3.14.3:323c59a, Feb  3 2026, 16:04:56) [MSC v.1944 64 bit (AMD64)]) ===
[2026-04-06 12:50:26] 작업 디렉토리: d:\OneDrive\code\luciferhong
[2026-04-06 12:50:26] 구글 시트 fetch 시작
[2026-04-06 12:50:27] fetch 완료 - 행 수: 93
[2026-04-06 12:50:27] 일정 파싱 완료: {'강의': '강의', '과제': '과제', '독서': '돈의방정식 완독', '시세': '시세', '임보': '임보', '임장': '임장', '투자': '투자', '개인': '개인'}
[2026-04-06 12:50:27] 텔레그램 전송 시작
[2026-04-06 12:50:28] 텔레그램 전송 완료
[2026-04-06 12:50:28] === 종료 ===
[2026-04-06 14:37:51] === 시작 (Python 3.14.3 (tags/v3.14.3:323c59a, Feb  3 2026, 16:04:56) [MSC v.1944 64 bit (AMD64)]) ===
[2026-04-06 14:37:51] 작업 디렉토리: d:\OneDrive\code\luciferhong
[2026-04-06 14:37:51] 구글 시트 fetch 시작
[2026-04-06 14:37:53] fetch 완료 - 행 수: 93
[2026-04-06 14:37:53] 일정 파싱 완료: {'독서': '돈의방정식 완독'}
[2026-04-06 14:37:53] 텔레그램 전송 시작
[2026-04-06 14:37:54] 텔레그램 전송 완료
[2026-04-06 14:37:54] === 종료 ===
[2026-04-07 06:00:02] === 시작 (Python 3.14.3 (tags/v3.14.3:323c59a, Feb  3 2026, 16:04:56) [MSC v.1944 64 bit (AMD64)]) ===
[2026-04-07 06:00:02] 작업 디렉토리: d:\OneDrive\code\luciferhong
[2026-04-07 06:00:02] 구글 시트 fetch 시작
[2026-04-07 06:00:03] fetch 완료 - 행 수: 93
[2026-04-07 06:00:03] 일정 파싱 완료: {'일정': '개강', '과제': '독서후기1', '시세': '성동구', '임보': '개요, 인구, 전출입'}
[2026-04-07 06:00:03] 텔레그램 전송 시작
[2026-04-07 06:00:05] 텔레그램 전송 완료
[2026-04-07 06:00:05] === 종료 ===
